2023-03-14 13:06:03.841  INFO 55608 --- [restartedMain] c.p.security.SecurityApplication         : Starting SecurityApplication using Java 19.0.1 on Lavanya_Laptop with PID 55608 (C:\Users\lavan\security\security\target\classes started by lavan in C:\Users\lavan\security)
2023-03-14 13:06:03.847  INFO 55608 --- [restartedMain] c.p.security.SecurityApplication         : No active profile set, falling back to 1 default profile: "default"
2023-03-14 13:06:03.921  INFO 55608 --- [restartedMain] .e.DevToolsPropertyDefaultsPostProcessor : Devtools property defaults active! Set 'spring.devtools.add-properties' to 'false' to disable
2023-03-14 13:06:03.921  INFO 55608 --- [restartedMain] .e.DevToolsPropertyDefaultsPostProcessor : For additional web related logging consider setting the 'logging.level.web' property to 'DEBUG'
2023-03-14 13:06:04.751  INFO 55608 --- [restartedMain] .s.d.r.c.RepositoryConfigurationDelegate : Bootstrapping Spring Data JPA repositories in DEFAULT mode.
2023-03-14 13:06:04.812  INFO 55608 --- [restartedMain] .s.d.r.c.RepositoryConfigurationDelegate : Finished Spring Data repository scanning in 51 ms. Found 1 JPA repository interfaces.
2023-03-14 13:06:05.636  INFO 55608 --- [restartedMain] o.s.b.w.embedded.tomcat.TomcatWebServer  : Tomcat initialized with port(s): 9090 (http)
2023-03-14 13:06:05.650  INFO 55608 --- [restartedMain] o.apache.catalina.core.StandardService   : Starting service [Tomcat]
2023-03-14 13:06:05.651  INFO 55608 --- [restartedMain] org.apache.catalina.core.StandardEngine  : Starting Servlet engine: [Apache Tomcat/9.0.71]
2023-03-14 13:06:05.761  INFO 55608 --- [restartedMain] o.a.c.c.C.[Tomcat].[localhost].[/]       : Initializing Spring embedded WebApplicationContext
2023-03-14 13:06:05.761  INFO 55608 --- [restartedMain] w.s.c.ServletWebServerApplicationContext : Root WebApplicationContext: initialization completed in 1839 ms
2023-03-14 13:06:05.989  INFO 55608 --- [restartedMain] o.hibernate.jpa.internal.util.LogHelper  : HHH000204: Processing PersistenceUnitInfo [name: default]
2023-03-14 13:06:06.048  INFO 55608 --- [restartedMain] org.hibernate.Version                    : HHH000412: Hibernate ORM core version 5.6.15.Final
2023-03-14 13:06:06.208  INFO 55608 --- [restartedMain] o.hibernate.annotations.common.Version   : HCANN000001: Hibernate Commons Annotations {5.1.2.Final}
2023-03-14 13:06:06.316  INFO 55608 --- [restartedMain] com.zaxxer.hikari.HikariDataSource       : HikariPool-1 - Starting...
2023-03-14 13:06:06.698  INFO 55608 --- [restartedMain] com.zaxxer.hikari.HikariDataSource       : HikariPool-1 - Start completed.
2023-03-14 13:06:06.713  INFO 55608 --- [restartedMain] org.hibernate.dialect.Dialect            : HHH000400: Using dialect: org.hibernate.dialect.MySQL55Dialect
2023-03-14 13:06:07.385  INFO 55608 --- [restartedMain] o.h.e.t.j.p.i.JtaPlatformInitiator       : HHH000490: Using JtaPlatform implementation: [org.hibernate.engine.transaction.jta.platform.internal.NoJtaPlatform]
2023-03-14 13:06:07.391  INFO 55608 --- [restartedMain] j.LocalContainerEntityManagerFactoryBean : Initialized JPA EntityManagerFactory for persistence unit 'default'
2023-03-14 13:06:08.031  INFO 55608 --- [restartedMain] o.s.s.web.DefaultSecurityFilterChain     : Will secure Ant [pattern='/admin/**'] with [org.springframework.security.web.session.DisableEncodeUrlFilter@5daa486b, org.springframework.security.web.context.request.async.WebAsyncManagerIntegrationFilter@3d6fbc2b, org.springframework.security.web.context.SecurityContextPersistenceFilter@41423635, org.springframework.security.web.header.HeaderWriterFilter@26b9d034, org.springframework.security.web.csrf.CsrfFilter@6875ef1a, org.springframework.security.web.authentication.logout.LogoutFilter@28ef2c46, org.springframework.security.web.authentication.UsernamePasswordAuthenticationFilter@3628da0f, org.springframework.security.web.savedrequest.RequestCacheAwareFilter@1fd177e0, org.springframework.security.web.servletapi.SecurityContextHolderAwareRequestFilter@6978227e, org.springframework.security.web.authentication.AnonymousAuthenticationFilter@4de7f12b, org.springframework.security.web.session.SessionManagementFilter@2e89d262, org.springframework.security.web.access.ExceptionTranslationFilter@7207582, org.springframework.security.web.access.intercept.AuthorizationFilter@6530b2bf]
2023-03-14 13:06:08.037  INFO 55608 --- [restartedMain] o.s.s.web.DefaultSecurityFilterChain     : Will secure Ant [pattern='/user/**'] with [org.springframework.security.web.session.DisableEncodeUrlFilter@7c529b5b, org.springframework.security.web.context.request.async.WebAsyncManagerIntegrationFilter@620c384d, org.springframework.security.web.context.SecurityContextPersistenceFilter@2fc783d4, org.springframework.security.web.header.HeaderWriterFilter@24eec0f6, org.springframework.security.web.csrf.CsrfFilter@27888440, org.springframework.security.web.authentication.logout.LogoutFilter@3619d164, org.springframework.security.web.authentication.UsernamePasswordAuthenticationFilter@438e849, org.springframework.security.web.savedrequest.RequestCacheAwareFilter@4efb3a45, org.springframework.security.web.servletapi.SecurityContextHolderAwareRequestFilter@1c40aa1c, org.springframework.security.web.authentication.AnonymousAuthenticationFilter@2f7bacac, org.springframework.security.web.session.SessionManagementFilter@4c0eb491, org.springframework.security.web.access.ExceptionTranslationFilter@4c55b118, org.springframework.security.web.access.intercept.AuthorizationFilter@38aea292]
2023-03-14 13:06:08.097  WARN 55608 --- [restartedMain] JpaBaseConfiguration$JpaWebConfiguration : spring.jpa.open-in-view is enabled by default. Therefore, database queries may be performed during view rendering. Explicitly configure spring.jpa.open-in-view to disable this warning
2023-03-14 13:06:08.281  INFO 55608 --- [restartedMain] o.s.b.a.w.s.WelcomePageHandlerMapping    : Adding welcome page template: index
2023-03-14 13:06:08.523  INFO 55608 --- [restartedMain] o.s.b.d.a.OptionalLiveReloadServer       : LiveReload server is running on port 35729
2023-03-14 13:06:08.566  INFO 55608 --- [restartedMain] o.s.b.w.embedded.tomcat.TomcatWebServer  : Tomcat started on port(s): 9090 (http) with context path ''
2023-03-14 13:06:08.576  INFO 55608 --- [restartedMain] c.p.security.SecurityApplication         : Started SecurityApplication in 5.208 seconds (JVM running for 5.868)
2023-03-14 13:06:29.352  INFO 55608 --- [http-nio-9090-exec-1] o.a.c.c.C.[Tomcat].[localhost].[/]       : Initializing Spring DispatcherServlet 'dispatcherServlet'
2023-03-14 13:06:29.352  INFO 55608 --- [http-nio-9090-exec-1] o.s.web.servlet.DispatcherServlet        : Initializing Servlet 'dispatcherServlet'
2023-03-14 13:06:29.353  INFO 55608 --- [http-nio-9090-exec-1] o.s.web.servlet.DispatcherServlet        : Completed initialization in 1 ms
2023-03-14 13:08:19.779  INFO 55608 --- [SpringApplicationShutdownHook] j.LocalContainerEntityManagerFactoryBean : Closing JPA EntityManagerFactory for persistence unit 'default'
2023-03-14 13:08:19.783  INFO 55608 --- [SpringApplicationShutdownHook] com.zaxxer.hikari.HikariDataSource       : HikariPool-1 - Shutdown initiated...
2023-03-14 13:08:19.791  INFO 55608 --- [SpringApplicationShutdownHook] com.zaxxer.hikari.HikariDataSource       : HikariPool-1 - Shutdown completed.
2023-03-14 13:08:23.646  INFO 60340 --- [restartedMain] c.p.security.SecurityApplication         : Starting SecurityApplication using Java 19.0.1 on Lavanya_Laptop with PID 60340 (C:\Users\lavan\security\security\target\classes started by lavan in C:\Users\lavan\security)
2023-03-14 13:08:23.647  INFO 60340 --- [restartedMain] c.p.security.SecurityApplication         : No active profile set, falling back to 1 default profile: "default"
2023-03-14 13:08:23.710  INFO 60340 --- [restartedMain] .e.DevToolsPropertyDefaultsPostProcessor : Devtools property defaults active! Set 'spring.devtools.add-properties' to 'false' to disable
2023-03-14 13:08:23.710  INFO 60340 --- [restartedMain] .e.DevToolsPropertyDefaultsPostProcessor : For additional web related logging consider setting the 'logging.level.web' property to 'DEBUG'
2023-03-14 13:08:24.377  INFO 60340 --- [restartedMain] .s.d.r.c.RepositoryConfigurationDelegate : Bootstrapping Spring Data JPA repositories in DEFAULT mode.
2023-03-14 13:08:24.463  INFO 60340 --- [restartedMain] .s.d.r.c.RepositoryConfigurationDelegate : Finished Spring Data repository scanning in 71 ms. Found 1 JPA repository interfaces.
2023-03-14 13:08:25.688  INFO 60340 --- [restartedMain] o.s.b.w.embedded.tomcat.TomcatWebServer  : Tomcat initialized with port(s): 9090 (http)
2023-03-14 13:08:25.728  INFO 60340 --- [restartedMain] o.apache.catalina.core.StandardService   : Starting service [Tomcat]
2023-03-14 13:08:25.729  INFO 60340 --- [restartedMain] org.apache.catalina.core.StandardEngine  : Starting Servlet engine: [Apache Tomcat/9.0.71]
2023-03-14 13:08:25.948  INFO 60340 --- [restartedMain] o.a.c.c.C.[Tomcat].[localhost].[/]       : Initializing Spring embedded WebApplicationContext
2023-03-14 13:08:25.948  INFO 60340 --- [restartedMain] w.s.c.ServletWebServerApplicationContext : Root WebApplicationContext: initialization completed in 2237 ms
2023-03-14 13:08:26.127  WARN 60340 --- [restartedMain] o.a.c.c.C.[Tomcat].[localhost].[/]       : Cannot deserialize session attribute [SPRING_SECURITY_CONTEXT] for session [476A5F867B561BAE61E4665AC95F3925]
2023-03-14 13:08:26.462  INFO 60340 --- [restartedMain] o.hibernate.jpa.internal.util.LogHelper  : HHH000204: Processing PersistenceUnitInfo [name: default]
2023-03-14 13:08:26.563  INFO 60340 --- [restartedMain] org.hibernate.Version                    : HHH000412: Hibernate ORM core version 5.6.15.Final
2023-03-14 13:08:26.768  INFO 60340 --- [restartedMain] o.hibernate.annotations.common.Version   : HCANN000001: Hibernate Commons Annotations {5.1.2.Final}
2023-03-14 13:08:26.899  INFO 60340 --- [restartedMain] com.zaxxer.hikari.HikariDataSource       : HikariPool-1 - Starting...
2023-03-14 13:08:27.587  INFO 60340 --- [restartedMain] com.zaxxer.hikari.HikariDataSource       : HikariPool-1 - Start completed.
2023-03-14 13:08:27.616  INFO 60340 --- [restartedMain] org.hibernate.dialect.Dialect            : HHH000400: Using dialect: org.hibernate.dialect.MySQL55Dialect
2023-03-14 13:08:28.807  INFO 60340 --- [restartedMain] o.h.e.t.j.p.i.JtaPlatformInitiator       : HHH000490: Using JtaPlatform implementation: [org.hibernate.engine.transaction.jta.platform.internal.NoJtaPlatform]
2023-03-14 13:08:28.819  INFO 60340 --- [restartedMain] j.LocalContainerEntityManagerFactoryBean : Initialized JPA EntityManagerFactory for persistence unit 'default'
2023-03-14 13:08:29.712  INFO 60340 --- [restartedMain] o.s.s.web.DefaultSecurityFilterChain     : Will secure Ant [pattern='/admin/**'] with [org.springframework.security.web.session.DisableEncodeUrlFilter@6e57b05f, org.springframework.security.web.context.request.async.WebAsyncManagerIntegrationFilter@30e60e90, org.springframework.security.web.context.SecurityContextPersistenceFilter@70af03cc, org.springframework.security.web.header.HeaderWriterFilter@41b0d4f3, org.springframework.security.web.csrf.CsrfFilter@1f407217, org.springframework.security.web.authentication.logout.LogoutFilter@10929a42, org.springframework.security.web.authentication.UsernamePasswordAuthenticationFilter@5d530a6d, org.springframework.security.web.savedrequest.RequestCacheAwareFilter@42758c8e, org.springframework.security.web.servletapi.SecurityContextHolderAwareRequestFilter@7222aae5, org.springframework.security.web.authentication.AnonymousAuthenticationFilter@75237a83, org.springframework.security.web.session.SessionManagementFilter@70f7590a, org.springframework.security.web.access.ExceptionTranslationFilter@423f0bd7, org.springframework.security.web.access.intercept.AuthorizationFilter@36cd0449]
2023-03-14 13:08:29.726  INFO 60340 --- [restartedMain] o.s.s.web.DefaultSecurityFilterChain     : Will secure Ant [pattern='/user/**'] with [org.springframework.security.web.session.DisableEncodeUrlFilter@bb0fb5, org.springframework.security.web.context.request.async.WebAsyncManagerIntegrationFilter@5e9927ce, org.springframework.security.web.context.SecurityContextPersistenceFilter@269510ee, org.springframework.security.web.header.HeaderWriterFilter@3eec0e11, org.springframework.security.web.csrf.CsrfFilter@2bb6a1a8, org.springframework.security.web.authentication.logout.LogoutFilter@23627020, org.springframework.security.web.authentication.UsernamePasswordAuthenticationFilter@30689ae8, org.springframework.security.web.savedrequest.RequestCacheAwareFilter@49db1eba, org.springframework.security.web.servletapi.SecurityContextHolderAwareRequestFilter@17190d16, org.springframework.security.web.authentication.AnonymousAuthenticationFilter@296b27db, org.springframework.security.web.session.SessionManagementFilter@38304da1, org.springframework.security.web.access.ExceptionTranslationFilter@d3c43ad, org.springframework.security.web.access.intercept.AuthorizationFilter@6d734ec8]
2023-03-14 13:08:29.797  WARN 60340 --- [restartedMain] JpaBaseConfiguration$JpaWebConfiguration : spring.jpa.open-in-view is enabled by default. Therefore, database queries may be performed during view rendering. Explicitly configure spring.jpa.open-in-view to disable this warning
2023-03-14 13:08:30.082  INFO 60340 --- [restartedMain] o.s.b.a.w.s.WelcomePageHandlerMapping    : Adding welcome page template: index
2023-03-14 13:08:30.430  INFO 60340 --- [restartedMain] o.s.b.d.a.OptionalLiveReloadServer       : LiveReload server is running on port 35729
2023-03-14 13:08:30.495  INFO 60340 --- [restartedMain] o.s.b.w.embedded.tomcat.TomcatWebServer  : Tomcat started on port(s): 9090 (http) with context path ''
2023-03-14 13:08:30.517  INFO 60340 --- [restartedMain] c.p.security.SecurityApplication         : Started SecurityApplication in 7.268 seconds (JVM running for 7.759)
2023-03-14 13:08:33.095  INFO 60340 --- [http-nio-9090-exec-1] o.a.c.c.C.[Tomcat].[localhost].[/]       : Initializing Spring DispatcherServlet 'dispatcherServlet'
2023-03-14 13:08:33.096  INFO 60340 --- [http-nio-9090-exec-1] o.s.web.servlet.DispatcherServlet        : Initializing Servlet 'dispatcherServlet'
2023-03-14 13:08:33.099  INFO 60340 --- [http-nio-9090-exec-1] o.s.web.servlet.DispatcherServlet        : Completed initialization in 3 ms
2023-03-14 13:18:10.795  INFO 60340 --- [SpringApplicationShutdownHook] j.LocalContainerEntityManagerFactoryBean : Closing JPA EntityManagerFactory for persistence unit 'default'
2023-03-14 13:18:10.797  INFO 60340 --- [SpringApplicationShutdownHook] com.zaxxer.hikari.HikariDataSource       : HikariPool-1 - Shutdown initiated...
2023-03-14 13:18:10.803  INFO 60340 --- [SpringApplicationShutdownHook] com.zaxxer.hikari.HikariDataSource       : HikariPool-1 - Shutdown completed.
2023-03-14 13:19:27.290  INFO 56616 --- [restartedMain] c.p.security.SecurityApplication         : Starting SecurityApplication using Java 19.0.1 on Lavanya_Laptop with PID 56616 (C:\Users\lavan\security\security\target\classes started by lavan in C:\Users\lavan\security)
2023-03-14 13:19:27.292  INFO 56616 --- [restartedMain] c.p.security.SecurityApplication         : No active profile set, falling back to 1 default profile: "default"
2023-03-14 13:19:27.350  INFO 56616 --- [restartedMain] .e.DevToolsPropertyDefaultsPostProcessor : Devtools property defaults active! Set 'spring.devtools.add-properties' to 'false' to disable
2023-03-14 13:19:27.351  INFO 56616 --- [restartedMain] .e.DevToolsPropertyDefaultsPostProcessor : For additional web related logging consider setting the 'logging.level.web' property to 'DEBUG'
2023-03-14 13:19:28.032  INFO 56616 --- [restartedMain] .s.d.r.c.RepositoryConfigurationDelegate : Bootstrapping Spring Data JPA repositories in DEFAULT mode.
2023-03-14 13:19:28.106  INFO 56616 --- [restartedMain] .s.d.r.c.RepositoryConfigurationDelegate : Finished Spring Data repository scanning in 60 ms. Found 1 JPA repository interfaces.
2023-03-14 13:19:28.832  INFO 56616 --- [restartedMain] o.s.b.w.embedded.tomcat.TomcatWebServer  : Tomcat initialized with port(s): 9090 (http)
2023-03-14 13:19:28.852  INFO 56616 --- [restartedMain] o.apache.catalina.core.StandardService   : Starting service [Tomcat]
2023-03-14 13:19:28.852  INFO 56616 --- [restartedMain] org.apache.catalina.core.StandardEngine  : Starting Servlet engine: [Apache Tomcat/9.0.71]
2023-03-14 13:19:28.957  INFO 56616 --- [restartedMain] o.a.c.c.C.[Tomcat].[localhost].[/]       : Initializing Spring embedded WebApplicationContext
2023-03-14 13:19:28.957  INFO 56616 --- [restartedMain] w.s.c.ServletWebServerApplicationContext : Root WebApplicationContext: initialization completed in 1606 ms
2023-03-14 13:19:29.042  WARN 56616 --- [restartedMain] o.a.c.c.C.[Tomcat].[localhost].[/]       : Cannot deserialize session attribute [SPRING_SECURITY_CONTEXT] for session [A7556AA71762E2F407BDD1BFA0A95123]
2023-03-14 13:19:29.211  INFO 56616 --- [restartedMain] o.hibernate.jpa.internal.util.LogHelper  : HHH000204: Processing PersistenceUnitInfo [name: default]
2023-03-14 13:19:29.244  INFO 56616 --- [restartedMain] org.hibernate.Version                    : HHH000412: Hibernate ORM core version 5.6.15.Final
2023-03-14 13:19:29.383  INFO 56616 --- [restartedMain] o.hibernate.annotations.common.Version   : HCANN000001: Hibernate Commons Annotations {5.1.2.Final}
2023-03-14 13:19:29.483  INFO 56616 --- [restartedMain] com.zaxxer.hikari.HikariDataSource       : HikariPool-1 - Starting...
2023-03-14 13:19:29.845  INFO 56616 --- [restartedMain] com.zaxxer.hikari.HikariDataSource       : HikariPool-1 - Start completed.
2023-03-14 13:19:29.860  INFO 56616 --- [restartedMain] org.hibernate.dialect.Dialect            : HHH000400: Using dialect: org.hibernate.dialect.MySQL55Dialect
2023-03-14 13:19:30.649  INFO 56616 --- [restartedMain] o.h.e.t.j.p.i.JtaPlatformInitiator       : HHH000490: Using JtaPlatform implementation: [org.hibernate.engine.transaction.jta.platform.internal.NoJtaPlatform]
2023-03-14 13:19:30.657  INFO 56616 --- [restartedMain] j.LocalContainerEntityManagerFactoryBean : Initialized JPA EntityManagerFactory for persistence unit 'default'
2023-03-14 13:19:31.593  INFO 56616 --- [restartedMain] o.s.s.web.DefaultSecurityFilterChain     : Will secure Ant [pattern='/admin/**'] with [org.springframework.security.web.session.DisableEncodeUrlFilter@3eec0e11, org.springframework.security.web.context.request.async.WebAsyncManagerIntegrationFilter@38304da1, org.springframework.security.web.context.SecurityContextPersistenceFilter@416d25d5, org.springframework.security.web.header.HeaderWriterFilter@252e6015, org.springframework.security.web.csrf.CsrfFilter@37f29009, org.springframework.security.web.authentication.logout.LogoutFilter@7636b645, org.springframework.security.web.authentication.UsernamePasswordAuthenticationFilter@2bb6a1a8, org.springframework.security.web.savedrequest.RequestCacheAwareFilter@7c179662, org.springframework.security.web.servletapi.SecurityContextHolderAwareRequestFilter@34fb0207, org.springframework.security.web.authentication.AnonymousAuthenticationFilter@269510ee, org.springframework.security.web.session.SessionManagementFilter@341e5188, org.springframework.security.web.access.ExceptionTranslationFilter@34b7501b, org.springframework.security.web.access.intercept.AuthorizationFilter@6eed06f3]
2023-03-14 13:19:31.605  INFO 56616 --- [restartedMain] o.s.s.web.DefaultSecurityFilterChain     : Will secure Ant [pattern='/user/**'] with [org.springframework.security.web.session.DisableEncodeUrlFilter@7a44fb13, org.springframework.security.web.context.request.async.WebAsyncManagerIntegrationFilter@38187b3f, org.springframework.security.web.context.SecurityContextPersistenceFilter@3dea00cf, org.springframework.security.web.header.HeaderWriterFilter@128edd4c, org.springframework.security.web.csrf.CsrfFilter@5da057c4, org.springframework.security.web.authentication.logout.LogoutFilter@797113e1, org.springframework.security.web.authentication.UsernamePasswordAuthenticationFilter@b5b1f82, org.springframework.security.web.savedrequest.RequestCacheAwareFilter@49cbff2d, org.springframework.security.web.servletapi.SecurityContextHolderAwareRequestFilter@2d4b2fe5, org.springframework.security.web.authentication.AnonymousAuthenticationFilter@f81ad2e, org.springframework.security.web.session.SessionManagementFilter@622b6539, org.springframework.security.web.access.ExceptionTranslationFilter@5be2d62, org.springframework.security.web.access.intercept.AuthorizationFilter@1b95877d]
2023-03-14 13:19:31.692  WARN 56616 --- [restartedMain] JpaBaseConfiguration$JpaWebConfiguration : spring.jpa.open-in-view is enabled by default. Therefore, database queries may be performed during view rendering. Explicitly configure spring.jpa.open-in-view to disable this warning
2023-03-14 13:19:31.969  INFO 56616 --- [restartedMain] o.s.b.a.w.s.WelcomePageHandlerMapping    : Adding welcome page template: index
2023-03-14 13:19:32.364  INFO 56616 --- [restartedMain] o.s.b.d.a.OptionalLiveReloadServer       : LiveReload server is running on port 35729
2023-03-14 13:19:32.435  INFO 56616 --- [restartedMain] o.s.b.w.embedded.tomcat.TomcatWebServer  : Tomcat started on port(s): 9090 (http) with context path ''
2023-03-14 13:19:32.456  INFO 56616 --- [restartedMain] c.p.security.SecurityApplication         : Started SecurityApplication in 5.565 seconds (JVM running for 6.038)
2023-03-14 13:19:40.136  INFO 56616 --- [SpringApplicationShutdownHook] j.LocalContainerEntityManagerFactoryBean : Closing JPA EntityManagerFactory for persistence unit 'default'
2023-03-14 13:19:40.139  INFO 56616 --- [SpringApplicationShutdownHook] com.zaxxer.hikari.HikariDataSource       : HikariPool-1 - Shutdown initiated...
2023-03-14 13:19:40.147  INFO 56616 --- [SpringApplicationShutdownHook] com.zaxxer.hikari.HikariDataSource       : HikariPool-1 - Shutdown completed.
2023-03-14 13:19:42.478  INFO 58040 --- [restartedMain] c.p.security.SecurityApplication         : Starting SecurityApplication using Java 19.0.1 on Lavanya_Laptop with PID 58040 (C:\Users\lavan\security\security\target\classes started by lavan in C:\Users\lavan\security)
2023-03-14 13:19:42.480  INFO 58040 --- [restartedMain] c.p.security.SecurityApplication         : No active profile set, falling back to 1 default profile: "default"
2023-03-14 13:19:42.582  INFO 58040 --- [restartedMain] .e.DevToolsPropertyDefaultsPostProcessor : Devtools property defaults active! Set 'spring.devtools.add-properties' to 'false' to disable
2023-03-14 13:19:42.582  INFO 58040 --- [restartedMain] .e.DevToolsPropertyDefaultsPostProcessor : For additional web related logging consider setting the 'logging.level.web' property to 'DEBUG'
2023-03-14 13:19:43.671  INFO 58040 --- [restartedMain] .s.d.r.c.RepositoryConfigurationDelegate : Bootstrapping Spring Data JPA repositories in DEFAULT mode.
2023-03-14 13:19:43.783  INFO 58040 --- [restartedMain] .s.d.r.c.RepositoryConfigurationDelegate : Finished Spring Data repository scanning in 91 ms. Found 1 JPA repository interfaces.
2023-03-14 13:19:45.089  INFO 58040 --- [restartedMain] o.s.b.w.embedded.tomcat.TomcatWebServer  : Tomcat initialized with port(s): 9090 (http)
2023-03-14 13:19:45.114  INFO 58040 --- [restartedMain] o.apache.catalina.core.StandardService   : Starting service [Tomcat]
2023-03-14 13:19:45.115  INFO 58040 --- [restartedMain] org.apache.catalina.core.StandardEngine  : Starting Servlet engine: [Apache Tomcat/9.0.71]
2023-03-14 13:19:45.295  INFO 58040 --- [restartedMain] o.a.c.c.C.[Tomcat].[localhost].[/]       : Initializing Spring embedded WebApplicationContext
2023-03-14 13:19:45.296  INFO 58040 --- [restartedMain] w.s.c.ServletWebServerApplicationContext : Root WebApplicationContext: initialization completed in 2713 ms
2023-03-14 13:19:45.630  INFO 58040 --- [restartedMain] o.hibernate.jpa.internal.util.LogHelper  : HHH000204: Processing PersistenceUnitInfo [name: default]
2023-03-14 13:19:45.701  INFO 58040 --- [restartedMain] org.hibernate.Version                    : HHH000412: Hibernate ORM core version 5.6.15.Final
2023-03-14 13:19:45.912  INFO 58040 --- [restartedMain] o.hibernate.annotations.common.Version   : HCANN000001: Hibernate Commons Annotations {5.1.2.Final}
2023-03-14 13:19:46.061  INFO 58040 --- [restartedMain] com.zaxxer.hikari.HikariDataSource       : HikariPool-1 - Starting...
2023-03-14 13:19:46.548  INFO 58040 --- [restartedMain] com.zaxxer.hikari.HikariDataSource       : HikariPool-1 - Start completed.
2023-03-14 13:19:46.566  INFO 58040 --- [restartedMain] org.hibernate.dialect.Dialect            : HHH000400: Using dialect: org.hibernate.dialect.MySQL55Dialect
2023-03-14 13:19:47.476  INFO 58040 --- [restartedMain] o.h.e.t.j.p.i.JtaPlatformInitiator       : HHH000490: Using JtaPlatform implementation: [org.hibernate.engine.transaction.jta.platform.internal.NoJtaPlatform]
2023-03-14 13:19:47.485  INFO 58040 --- [restartedMain] j.LocalContainerEntityManagerFactoryBean : Initialized JPA EntityManagerFactory for persistence unit 'default'
2023-03-14 13:19:48.350  INFO 58040 --- [restartedMain] o.s.s.web.DefaultSecurityFilterChain     : Will secure Ant [pattern='/admin/**'] with [org.springframework.security.web.session.DisableEncodeUrlFilter@42758c8e, org.springframework.security.web.context.request.async.WebAsyncManagerIntegrationFilter@7f8b7895, org.springframework.security.web.context.SecurityContextPersistenceFilter@45d87ad9, org.springframework.security.web.header.HeaderWriterFilter@5aa34603, org.springframework.security.web.csrf.CsrfFilter@438e849, org.springframework.security.web.authentication.logout.LogoutFilter@c459761, org.springframework.security.web.authentication.UsernamePasswordAuthenticationFilter@70af03cc, org.springframework.security.web.savedrequest.RequestCacheAwareFilter@52c70edc, org.springframework.security.web.servletapi.SecurityContextHolderAwareRequestFilter@6fc2a0ad, org.springframework.security.web.authentication.AnonymousAuthenticationFilter@77b2a5cb, org.springframework.security.web.session.SessionManagementFilter@3f99caa, org.springframework.security.web.access.ExceptionTranslationFilter@1dc1edcd, org.springframework.security.web.access.intercept.AuthorizationFilter@5ebc7ffa]
2023-03-14 13:19:48.362  INFO 58040 --- [restartedMain] o.s.s.web.DefaultSecurityFilterChain     : Will secure Ant [pattern='/user/**'] with [org.springframework.security.web.session.DisableEncodeUrlFilter@41fca0fb, org.springframework.security.web.context.request.async.WebAsyncManagerIntegrationFilter@13248f4b, org.springframework.security.web.context.SecurityContextPersistenceFilter@3e9fc564, org.springframework.security.web.header.HeaderWriterFilter@7c179662, org.springframework.security.web.csrf.CsrfFilter@416d25d5, org.springframework.security.web.authentication.logout.LogoutFilter@420267ac, org.springframework.security.web.authentication.UsernamePasswordAuthenticationFilter@10929a42, org.springframework.security.web.savedrequest.RequestCacheAwareFilter@749f3e70, org.springframework.security.web.servletapi.SecurityContextHolderAwareRequestFilter@34fb0207, org.springframework.security.web.authentication.AnonymousAuthenticationFilter@13ef3b21, org.springframework.security.web.session.SessionManagementFilter@16f419e2, org.springframework.security.web.access.ExceptionTranslationFilter@739ae61, org.springframework.security.web.access.intercept.AuthorizationFilter@236465f3]
2023-03-14 13:19:48.430  WARN 58040 --- [restartedMain] JpaBaseConfiguration$JpaWebConfiguration : spring.jpa.open-in-view is enabled by default. Therefore, database queries may be performed during view rendering. Explicitly configure spring.jpa.open-in-view to disable this warning
2023-03-14 13:19:48.719  INFO 58040 --- [restartedMain] o.s.b.a.w.s.WelcomePageHandlerMapping    : Adding welcome page template: index
2023-03-14 13:19:49.086  INFO 58040 --- [restartedMain] o.s.b.d.a.OptionalLiveReloadServer       : LiveReload server is running on port 35729
2023-03-14 13:19:49.159  INFO 58040 --- [restartedMain] o.s.b.w.embedded.tomcat.TomcatWebServer  : Tomcat started on port(s): 9090 (http) with context path ''
2023-03-14 13:19:49.174  INFO 58040 --- [restartedMain] c.p.security.SecurityApplication         : Started SecurityApplication in 7.33 seconds (JVM running for 7.812)
2023-03-14 13:19:53.763  INFO 58040 --- [http-nio-9090-exec-1] o.a.c.c.C.[Tomcat].[localhost].[/]       : Initializing Spring DispatcherServlet 'dispatcherServlet'
2023-03-14 13:19:53.763  INFO 58040 --- [http-nio-9090-exec-1] o.s.web.servlet.DispatcherServlet        : Initializing Servlet 'dispatcherServlet'
2023-03-14 13:19:53.766  INFO 58040 --- [http-nio-9090-exec-1] o.s.web.servlet.DispatcherServlet        : Completed initialization in 2 ms
2023-03-14 13:22:06.018  INFO 58040 --- [SpringApplicationShutdownHook] j.LocalContainerEntityManagerFactoryBean : Closing JPA EntityManagerFactory for persistence unit 'default'
2023-03-14 13:22:06.021  INFO 58040 --- [SpringApplicationShutdownHook] com.zaxxer.hikari.HikariDataSource       : HikariPool-1 - Shutdown initiated...
2023-03-14 13:22:06.030  INFO 58040 --- [SpringApplicationShutdownHook] com.zaxxer.hikari.HikariDataSource       : HikariPool-1 - Shutdown completed.
2023-03-14 13:22:08.242  INFO 43120 --- [restartedMain] c.p.security.SecurityApplication         : Starting SecurityApplication using Java 19.0.1 on Lavanya_Laptop with PID 43120 (C:\Users\lavan\security\security\target\classes started by lavan in C:\Users\lavan\security)
2023-03-14 13:22:08.243  INFO 43120 --- [restartedMain] c.p.security.SecurityApplication         : No active profile set, falling back to 1 default profile: "default"
2023-03-14 13:22:08.302  INFO 43120 --- [restartedMain] .e.DevToolsPropertyDefaultsPostProcessor : Devtools property defaults active! Set 'spring.devtools.add-properties' to 'false' to disable
2023-03-14 13:22:08.302  INFO 43120 --- [restartedMain] .e.DevToolsPropertyDefaultsPostProcessor : For additional web related logging consider setting the 'logging.level.web' property to 'DEBUG'
2023-03-14 13:22:08.906  INFO 43120 --- [restartedMain] .s.d.r.c.RepositoryConfigurationDelegate : Bootstrapping Spring Data JPA repositories in DEFAULT mode.
2023-03-14 13:22:08.970  INFO 43120 --- [restartedMain] .s.d.r.c.RepositoryConfigurationDelegate : Finished Spring Data repository scanning in 50 ms. Found 1 JPA repository interfaces.
2023-03-14 13:22:09.705  INFO 43120 --- [restartedMain] o.s.b.w.embedded.tomcat.TomcatWebServer  : Tomcat initialized with port(s): 9090 (http)
2023-03-14 13:22:09.722  INFO 43120 --- [restartedMain] o.apache.catalina.core.StandardService   : Starting service [Tomcat]
2023-03-14 13:22:09.722  INFO 43120 --- [restartedMain] org.apache.catalina.core.StandardEngine  : Starting Servlet engine: [Apache Tomcat/9.0.71]
2023-03-14 13:22:09.825  INFO 43120 --- [restartedMain] o.a.c.c.C.[Tomcat].[localhost].[/]       : Initializing Spring embedded WebApplicationContext
2023-03-14 13:22:09.825  INFO 43120 --- [restartedMain] w.s.c.ServletWebServerApplicationContext : Root WebApplicationContext: initialization completed in 1523 ms
2023-03-14 13:22:09.903  WARN 43120 --- [restartedMain] o.a.c.c.C.[Tomcat].[localhost].[/]       : Cannot deserialize session attribute [SPRING_SECURITY_CONTEXT] for session [659E52E26AC712CC2B12462A19D88343]
2023-03-14 13:22:10.085  INFO 43120 --- [restartedMain] o.hibernate.jpa.internal.util.LogHelper  : HHH000204: Processing PersistenceUnitInfo [name: default]
2023-03-14 13:22:10.146  INFO 43120 --- [restartedMain] org.hibernate.Version                    : HHH000412: Hibernate ORM core version 5.6.15.Final
2023-03-14 13:22:10.292  INFO 43120 --- [restartedMain] o.hibernate.annotations.common.Version   : HCANN000001: Hibernate Commons Annotations {5.1.2.Final}
2023-03-14 13:22:10.376  INFO 43120 --- [restartedMain] com.zaxxer.hikari.HikariDataSource       : HikariPool-1 - Starting...
2023-03-14 13:22:10.635  INFO 43120 --- [restartedMain] com.zaxxer.hikari.HikariDataSource       : HikariPool-1 - Start completed.
2023-03-14 13:22:10.645  INFO 43120 --- [restartedMain] org.hibernate.dialect.Dialect            : HHH000400: Using dialect: org.hibernate.dialect.MySQL55Dialect
2023-03-14 13:22:11.156  INFO 43120 --- [restartedMain] o.h.e.t.j.p.i.JtaPlatformInitiator       : HHH000490: Using JtaPlatform implementation: [org.hibernate.engine.transaction.jta.platform.internal.NoJtaPlatform]
2023-03-14 13:22:11.163  INFO 43120 --- [restartedMain] j.LocalContainerEntityManagerFactoryBean : Initialized JPA EntityManagerFactory for persistence unit 'default'
2023-03-14 13:22:11.687  INFO 43120 --- [restartedMain] o.s.s.web.DefaultSecurityFilterChain     : Will secure Ant [pattern='/admin/**'] with [org.springframework.security.web.session.DisableEncodeUrlFilter@4b3bac69, org.springframework.security.web.context.request.async.WebAsyncManagerIntegrationFilter@8fcbfd5, org.springframework.security.web.context.SecurityContextPersistenceFilter@7222aae5, org.springframework.security.web.header.HeaderWriterFilter@3a5a2bda, org.springframework.security.web.csrf.CsrfFilter@3e63315, org.springframework.security.web.authentication.logout.LogoutFilter@41dfd00, org.springframework.security.web.authentication.UsernamePasswordAuthenticationFilter@25b03594, org.springframework.security.web.savedrequest.RequestCacheAwareFilter@34b7501b, org.springframework.security.web.servletapi.SecurityContextHolderAwareRequestFilter@341e5188, org.springframework.security.web.authentication.AnonymousAuthenticationFilter@2cc437cb, org.springframework.security.web.session.SessionManagementFilter@7f8b7895, org.springframework.security.web.access.ExceptionTranslationFilter@5ebc7ffa, org.springframework.security.web.access.intercept.AuthorizationFilter@7636b645]
2023-03-14 13:22:11.694  INFO 43120 --- [restartedMain] o.s.s.web.DefaultSecurityFilterChain     : Will secure Ant [pattern='/user/**'] with [org.springframework.security.web.session.DisableEncodeUrlFilter@622b6539, org.springframework.security.web.context.request.async.WebAsyncManagerIntegrationFilter@3dea00cf, org.springframework.security.web.context.SecurityContextPersistenceFilter@6d734ec8, org.springframework.security.web.header.HeaderWriterFilter@23627020, org.springframework.security.web.csrf.CsrfFilter@17190d16, org.springframework.security.web.authentication.logout.LogoutFilter@296b27db, org.springframework.security.web.authentication.UsernamePasswordAuthenticationFilter@128edd4c, org.springframework.security.web.savedrequest.RequestCacheAwareFilter@30689ae8, org.springframework.security.web.servletapi.SecurityContextHolderAwareRequestFilter@bb0fb5, org.springframework.security.web.authentication.AnonymousAuthenticationFilter@49cbff2d, org.springframework.security.web.session.SessionManagementFilter@32dd9438, org.springframework.security.web.access.ExceptionTranslationFilter@2dfe1711, org.springframework.security.web.access.intercept.AuthorizationFilter@5be2d62]
2023-03-14 13:22:11.746  WARN 43120 --- [restartedMain] JpaBaseConfiguration$JpaWebConfiguration : spring.jpa.open-in-view is enabled by default. Therefore, database queries may be performed during view rendering. Explicitly configure spring.jpa.open-in-view to disable this warning
2023-03-14 13:22:11.915  INFO 43120 --- [restartedMain] o.s.b.a.w.s.WelcomePageHandlerMapping    : Adding welcome page template: index
2023-03-14 13:22:12.210  INFO 43120 --- [restartedMain] o.s.b.d.a.OptionalLiveReloadServer       : LiveReload server is running on port 35729
2023-03-14 13:22:12.257  INFO 43120 --- [restartedMain] o.s.b.w.embedded.tomcat.TomcatWebServer  : Tomcat started on port(s): 9090 (http) with context path ''
2023-03-14 13:22:12.268  INFO 43120 --- [restartedMain] c.p.security.SecurityApplication         : Started SecurityApplication in 4.447 seconds (JVM running for 4.894)
2023-03-14 13:22:19.453  INFO 43120 --- [http-nio-9090-exec-1] o.a.c.c.C.[Tomcat].[localhost].[/]       : Initializing Spring DispatcherServlet 'dispatcherServlet'
2023-03-14 13:22:19.454  INFO 43120 --- [http-nio-9090-exec-1] o.s.web.servlet.DispatcherServlet        : Initializing Servlet 'dispatcherServlet'
2023-03-14 13:22:19.455  INFO 43120 --- [http-nio-9090-exec-1] o.s.web.servlet.DispatcherServlet        : Completed initialization in 1 ms
2023-03-14 13:25:07.940  INFO 43120 --- [SpringApplicationShutdownHook] j.LocalContainerEntityManagerFactoryBean : Closing JPA EntityManagerFactory for persistence unit 'default'
2023-03-14 13:25:07.945  INFO 43120 --- [SpringApplicationShutdownHook] com.zaxxer.hikari.HikariDataSource       : HikariPool-1 - Shutdown initiated...
2023-03-14 13:25:07.955  INFO 43120 --- [SpringApplicationShutdownHook] com.zaxxer.hikari.HikariDataSource       : HikariPool-1 - Shutdown completed.
2023-03-14 13:25:10.744  INFO 49108 --- [restartedMain] c.p.security.SecurityApplication         : Starting SecurityApplication using Java 19.0.1 on Lavanya_Laptop with PID 49108 (C:\Users\lavan\security\security\target\classes started by lavan in C:\Users\lavan\security)
2023-03-14 13:25:10.745  INFO 49108 --- [restartedMain] c.p.security.SecurityApplication         : No active profile set, falling back to 1 default profile: "default"
2023-03-14 13:25:10.807  INFO 49108 --- [restartedMain] .e.DevToolsPropertyDefaultsPostProcessor : Devtools property defaults active! Set 'spring.devtools.add-properties' to 'false' to disable
2023-03-14 13:25:10.807  INFO 49108 --- [restartedMain] .e.DevToolsPropertyDefaultsPostProcessor : For additional web related logging consider setting the 'logging.level.web' property to 'DEBUG'
2023-03-14 13:25:11.546  INFO 49108 --- [restartedMain] .s.d.r.c.RepositoryConfigurationDelegate : Bootstrapping Spring Data JPA repositories in DEFAULT mode.
2023-03-14 13:25:11.617  INFO 49108 --- [restartedMain] .s.d.r.c.RepositoryConfigurationDelegate : Finished Spring Data repository scanning in 57 ms. Found 1 JPA repository interfaces.
2023-03-14 13:25:12.363  INFO 49108 --- [restartedMain] o.s.b.w.embedded.tomcat.TomcatWebServer  : Tomcat initialized with port(s): 9090 (http)
2023-03-14 13:25:12.378  INFO 49108 --- [restartedMain] o.apache.catalina.core.StandardService   : Starting service [Tomcat]
2023-03-14 13:25:12.379  INFO 49108 --- [restartedMain] org.apache.catalina.core.StandardEngine  : Starting Servlet engine: [Apache Tomcat/9.0.71]
2023-03-14 13:25:12.495  INFO 49108 --- [restartedMain] o.a.c.c.C.[Tomcat].[localhost].[/]       : Initializing Spring embedded WebApplicationContext
2023-03-14 13:25:12.495  INFO 49108 --- [restartedMain] w.s.c.ServletWebServerApplicationContext : Root WebApplicationContext: initialization completed in 1687 ms
2023-03-14 13:25:12.603  WARN 49108 --- [restartedMain] o.a.c.c.C.[Tomcat].[localhost].[/]       : Cannot deserialize session attribute [SPRING_SECURITY_CONTEXT] for session [F0AE69B5A79677DCB957FA113304A12C]
2023-03-14 13:25:12.777  INFO 49108 --- [restartedMain] o.hibernate.jpa.internal.util.LogHelper  : HHH000204: Processing PersistenceUnitInfo [name: default]
2023-03-14 13:25:12.841  INFO 49108 --- [restartedMain] org.hibernate.Version                    : HHH000412: Hibernate ORM core version 5.6.15.Final
2023-03-14 13:25:13.006  INFO 49108 --- [restartedMain] o.hibernate.annotations.common.Version   : HCANN000001: Hibernate Commons Annotations {5.1.2.Final}
2023-03-14 13:25:13.104  INFO 49108 --- [restartedMain] com.zaxxer.hikari.HikariDataSource       : HikariPool-1 - Starting...
2023-03-14 13:25:13.395  INFO 49108 --- [restartedMain] com.zaxxer.hikari.HikariDataSource       : HikariPool-1 - Start completed.
2023-03-14 13:25:13.406  INFO 49108 --- [restartedMain] org.hibernate.dialect.Dialect            : HHH000400: Using dialect: org.hibernate.dialect.MySQL55Dialect
2023-03-14 13:25:13.999  INFO 49108 --- [restartedMain] o.h.e.t.j.p.i.JtaPlatformInitiator       : HHH000490: Using JtaPlatform implementation: [org.hibernate.engine.transaction.jta.platform.internal.NoJtaPlatform]
2023-03-14 13:25:14.007  INFO 49108 --- [restartedMain] j.LocalContainerEntityManagerFactoryBean : Initialized JPA EntityManagerFactory for persistence unit 'default'
2023-03-14 13:25:14.742  INFO 49108 --- [restartedMain] o.s.s.web.DefaultSecurityFilterChain     : Will secure Ant [pattern='/admin/**'] with [org.springframework.security.web.session.DisableEncodeUrlFilter@341e5188, org.springframework.security.web.context.request.async.WebAsyncManagerIntegrationFilter@127d3519, org.springframework.security.web.context.SecurityContextPersistenceFilter@1ca957ae, org.springframework.security.web.header.HeaderWriterFilter@599ef2c, org.springframework.security.web.csrf.CsrfFilter@65f566eb, org.springframework.security.web.authentication.logout.LogoutFilter@70af03cc, org.springframework.security.web.authentication.UsernamePasswordAuthenticationFilter@252e6015, org.springframework.security.web.savedrequest.RequestCacheAwareFilter@1f407217, org.springframework.security.web.servletapi.SecurityContextHolderAwareRequestFilter@44a46d1e, org.springframework.security.web.authentication.AnonymousAuthenticationFilter@4485d18b, org.springframework.security.web.session.SessionManagementFilter@5171fa9f, org.springframework.security.web.access.ExceptionTranslationFilter@545d5a10, org.springframework.security.web.access.intercept.AuthorizationFilter@423c8f35]
2023-03-14 13:25:14.753  INFO 49108 --- [restartedMain] o.s.s.web.DefaultSecurityFilterChain     : Will secure Ant [pattern='/user/**'] with [org.springframework.security.web.session.DisableEncodeUrlFilter@3cb7e436, org.springframework.security.web.context.request.async.WebAsyncManagerIntegrationFilter@6e57b05f, org.springframework.security.web.context.SecurityContextPersistenceFilter@13ef3b21, org.springframework.security.web.header.HeaderWriterFilter@41fca0fb, org.springframework.security.web.csrf.CsrfFilter@236465f3, org.springframework.security.web.authentication.logout.LogoutFilter@6ec1e891, org.springframework.security.web.authentication.UsernamePasswordAuthenticationFilter@5d530a6d, org.springframework.security.web.savedrequest.RequestCacheAwareFilter@172be394, org.springframework.security.web.servletapi.SecurityContextHolderAwareRequestFilter@337462f2, org.springframework.security.web.authentication.AnonymousAuthenticationFilter@30e60e90, org.springframework.security.web.session.SessionManagementFilter@13248f4b, org.springframework.security.web.access.ExceptionTranslationFilter@10929a42, org.springframework.security.web.access.intercept.AuthorizationFilter@36cd0449]
2023-03-14 13:25:14.831  WARN 49108 --- [restartedMain] JpaBaseConfiguration$JpaWebConfiguration : spring.jpa.open-in-view is enabled by default. Therefore, database queries may be performed during view rendering. Explicitly configure spring.jpa.open-in-view to disable this warning
2023-03-14 13:25:15.131  INFO 49108 --- [restartedMain] o.s.b.a.w.s.WelcomePageHandlerMapping    : Adding welcome page template: index
2023-03-14 13:25:15.765  INFO 49108 --- [restartedMain] o.s.b.d.a.OptionalLiveReloadServer       : LiveReload server is running on port 35729
2023-03-14 13:25:15.857  INFO 49108 --- [restartedMain] o.s.b.w.embedded.tomcat.TomcatWebServer  : Tomcat started on port(s): 9090 (http) with context path ''
2023-03-14 13:25:15.883  INFO 49108 --- [restartedMain] c.p.security.SecurityApplication         : Started SecurityApplication in 5.648 seconds (JVM running for 6.373)
2023-03-14 13:25:26.086  INFO 49108 --- [http-nio-9090-exec-1] o.a.c.c.C.[Tomcat].[localhost].[/]       : Initializing Spring DispatcherServlet 'dispatcherServlet'
2023-03-14 13:25:26.088  INFO 49108 --- [http-nio-9090-exec-1] o.s.web.servlet.DispatcherServlet        : Initializing Servlet 'dispatcherServlet'
2023-03-14 13:25:26.091  INFO 49108 --- [http-nio-9090-exec-1] o.s.web.servlet.DispatcherServlet        : Completed initialization in 2 ms
