2023-03-09 15:19:04.376  INFO 28852 --- [main] c.p.s.repository.UserRepositoryTest      : Starting UserRepositoryTest using Java 19.0.1 on Lavanya_Laptop with PID 28852 (started by lavan in C:\Users\lavan\security\security)
2023-03-09 15:19:04.382  INFO 28852 --- [main] c.p.s.repository.UserRepositoryTest      : No active profile set, falling back to 1 default profile: "default"
2023-03-09 15:19:04.980  INFO 28852 --- [main] .s.d.r.c.RepositoryConfigurationDelegate : Bootstrapping Spring Data JPA repositories in DEFAULT mode.
2023-03-09 15:19:05.043  INFO 28852 --- [main] .s.d.r.c.RepositoryConfigurationDelegate : Finished Spring Data repository scanning in 51 ms. Found 1 JPA repository interfaces.
2023-03-09 15:19:05.589  INFO 28852 --- [main] o.hibernate.jpa.internal.util.LogHelper  : HHH000204: Processing PersistenceUnitInfo [name: default]
2023-03-09 15:19:05.628  INFO 28852 --- [main] org.hibernate.Version                    : HHH000412: Hibernate ORM core version 5.6.15.Final
2023-03-09 15:19:05.747  INFO 28852 --- [main] o.hibernate.annotations.common.Version   : HCANN000001: Hibernate Commons Annotations {5.1.2.Final}
2023-03-09 15:19:05.864  INFO 28852 --- [main] com.zaxxer.hikari.HikariDataSource       : HikariPool-1 - Starting...
2023-03-09 15:19:06.155  INFO 28852 --- [main] com.zaxxer.hikari.HikariDataSource       : HikariPool-1 - Start completed.
2023-03-09 15:19:06.167  INFO 28852 --- [main] org.hibernate.dialect.Dialect            : HHH000400: Using dialect: org.hibernate.dialect.MySQL55Dialect
2023-03-09 15:19:06.701  INFO 28852 --- [main] o.h.e.t.j.p.i.JtaPlatformInitiator       : HHH000490: Using JtaPlatform implementation: [org.hibernate.engine.transaction.jta.platform.internal.NoJtaPlatform]
2023-03-09 15:19:06.707  INFO 28852 --- [main] j.LocalContainerEntityManagerFactoryBean : Initialized JPA EntityManagerFactory for persistence unit 'default'
2023-03-09 15:19:07.367  INFO 28852 --- [main] o.s.s.web.DefaultSecurityFilterChain     : Will secure Ant [pattern='/admin/**'] with [org.springframework.security.web.session.DisableEncodeUrlFilter@4a3333be, org.springframework.security.web.context.request.async.WebAsyncManagerIntegrationFilter@13b4ee4e, org.springframework.security.web.context.SecurityContextPersistenceFilter@3539cf45, org.springframework.security.web.header.HeaderWriterFilter@29eaf100, org.springframework.security.web.csrf.CsrfFilter@411933, org.springframework.security.web.authentication.logout.LogoutFilter@5e72c82a, org.springframework.security.web.authentication.UsernamePasswordAuthenticationFilter@1958524b, org.springframework.security.web.savedrequest.RequestCacheAwareFilter@45375bdf, org.springframework.security.web.servletapi.SecurityContextHolderAwareRequestFilter@1b06dc57, org.springframework.security.web.authentication.AnonymousAuthenticationFilter@4f55a864, org.springframework.security.web.session.SessionManagementFilter@747e8659, org.springframework.security.web.access.ExceptionTranslationFilter@50e0b472, org.springframework.security.web.access.intercept.AuthorizationFilter@1be427b4]
2023-03-09 15:19:07.380  INFO 28852 --- [main] o.s.s.web.DefaultSecurityFilterChain     : Will secure Ant [pattern='/user/**'] with [org.springframework.security.web.session.DisableEncodeUrlFilter@2911db81, org.springframework.security.web.context.request.async.WebAsyncManagerIntegrationFilter@7fce1069, org.springframework.security.web.context.SecurityContextPersistenceFilter@2fc435e9, org.springframework.security.web.header.HeaderWriterFilter@46290193, org.springframework.security.web.csrf.CsrfFilter@2dfd157b, org.springframework.security.web.authentication.logout.LogoutFilter@5ca7619f, org.springframework.security.web.authentication.UsernamePasswordAuthenticationFilter@4edde05c, org.springframework.security.web.savedrequest.RequestCacheAwareFilter@bf18412, org.springframework.security.web.servletapi.SecurityContextHolderAwareRequestFilter@5da2966, org.springframework.security.web.authentication.AnonymousAuthenticationFilter@51b41740, org.springframework.security.web.session.SessionManagementFilter@6ad7a305, org.springframework.security.web.access.ExceptionTranslationFilter@64381526, org.springframework.security.web.access.intercept.AuthorizationFilter@fb42c1c]
2023-03-09 15:19:07.630  WARN 28852 --- [main] JpaBaseConfiguration$JpaWebConfiguration : spring.jpa.open-in-view is enabled by default. Therefore, database queries may be performed during view rendering. Explicitly configure spring.jpa.open-in-view to disable this warning
2023-03-09 15:19:07.898  INFO 28852 --- [main] o.s.b.a.w.s.WelcomePageHandlerMapping    : Adding welcome page template: index
2023-03-09 15:19:08.358  INFO 28852 --- [main] c.p.s.repository.UserRepositoryTest      : Started UserRepositoryTest in 4.283 seconds (JVM running for 5.161)
2023-03-09 15:19:08.742  INFO 28852 --- [SpringApplicationShutdownHook] j.LocalContainerEntityManagerFactoryBean : Closing JPA EntityManagerFactory for persistence unit 'default'
2023-03-09 15:19:08.743  INFO 28852 --- [SpringApplicationShutdownHook] com.zaxxer.hikari.HikariDataSource       : HikariPool-1 - Shutdown initiated...
2023-03-09 15:19:08.749  INFO 28852 --- [SpringApplicationShutdownHook] com.zaxxer.hikari.HikariDataSource       : HikariPool-1 - Shutdown completed.
2023-03-09 15:21:08.047  INFO 55848 --- [main] c.p.s.repository.UserRepositoryTest      : Starting UserRepositoryTest using Java 19.0.1 on Lavanya_Laptop with PID 55848 (started by lavan in C:\Users\lavan\security\security)
2023-03-09 15:21:08.048  INFO 55848 --- [main] c.p.s.repository.UserRepositoryTest      : No active profile set, falling back to 1 default profile: "default"
2023-03-09 15:21:08.836  INFO 55848 --- [main] .s.d.r.c.RepositoryConfigurationDelegate : Bootstrapping Spring Data JPA repositories in DEFAULT mode.
2023-03-09 15:21:08.894  INFO 55848 --- [main] .s.d.r.c.RepositoryConfigurationDelegate : Finished Spring Data repository scanning in 48 ms. Found 1 JPA repository interfaces.
2023-03-09 15:21:09.573  INFO 55848 --- [main] o.hibernate.jpa.internal.util.LogHelper  : HHH000204: Processing PersistenceUnitInfo [name: default]
2023-03-09 15:21:09.615  INFO 55848 --- [main] org.hibernate.Version                    : HHH000412: Hibernate ORM core version 5.6.15.Final
2023-03-09 15:21:09.747  INFO 55848 --- [main] o.hibernate.annotations.common.Version   : HCANN000001: Hibernate Commons Annotations {5.1.2.Final}
2023-03-09 15:21:09.925  INFO 55848 --- [main] com.zaxxer.hikari.HikariDataSource       : HikariPool-1 - Starting...
2023-03-09 15:21:10.312  INFO 55848 --- [main] com.zaxxer.hikari.HikariDataSource       : HikariPool-1 - Start completed.
2023-03-09 15:21:10.333  INFO 55848 --- [main] org.hibernate.dialect.Dialect            : HHH000400: Using dialect: org.hibernate.dialect.MySQL55Dialect
2023-03-09 15:21:10.950  INFO 55848 --- [main] o.h.e.t.j.p.i.JtaPlatformInitiator       : HHH000490: Using JtaPlatform implementation: [org.hibernate.engine.transaction.jta.platform.internal.NoJtaPlatform]
2023-03-09 15:21:10.960  INFO 55848 --- [main] j.LocalContainerEntityManagerFactoryBean : Initialized JPA EntityManagerFactory for persistence unit 'default'
2023-03-09 15:21:11.717  INFO 55848 --- [main] o.s.s.web.DefaultSecurityFilterChain     : Will secure Ant [pattern='/admin/**'] with [org.springframework.security.web.session.DisableEncodeUrlFilter@58c36104, org.springframework.security.web.context.request.async.WebAsyncManagerIntegrationFilter@1fc8047f, org.springframework.security.web.context.SecurityContextPersistenceFilter@32a074ed, org.springframework.security.web.header.HeaderWriterFilter@5b80b41d, org.springframework.security.web.csrf.CsrfFilter@272c5abd, org.springframework.security.web.authentication.logout.LogoutFilter@525b9df4, org.springframework.security.web.authentication.UsernamePasswordAuthenticationFilter@65698020, org.springframework.security.web.savedrequest.RequestCacheAwareFilter@6c1a6db1, org.springframework.security.web.servletapi.SecurityContextHolderAwareRequestFilter@4b360a82, org.springframework.security.web.authentication.AnonymousAuthenticationFilter@29fc83c5, org.springframework.security.web.session.SessionManagementFilter@478fe415, org.springframework.security.web.access.ExceptionTranslationFilter@7e7391e8, org.springframework.security.web.access.intercept.AuthorizationFilter@5e72c82a]
2023-03-09 15:21:11.725  INFO 55848 --- [main] o.s.s.web.DefaultSecurityFilterChain     : Will secure Ant [pattern='/user/**'] with [org.springframework.security.web.session.DisableEncodeUrlFilter@2dfd157b, org.springframework.security.web.context.request.async.WebAsyncManagerIntegrationFilter@64381526, org.springframework.security.web.context.SecurityContextPersistenceFilter@29d563bd, org.springframework.security.web.header.HeaderWriterFilter@7f53a31f, org.springframework.security.web.csrf.CsrfFilter@4f55a864, org.springframework.security.web.authentication.logout.LogoutFilter@5759edff, org.springframework.security.web.authentication.UsernamePasswordAuthenticationFilter@35d3202b, org.springframework.security.web.savedrequest.RequestCacheAwareFilter@73fe7483, org.springframework.security.web.servletapi.SecurityContextHolderAwareRequestFilter@11577ab8, org.springframework.security.web.authentication.AnonymousAuthenticationFilter@46290193, org.springframework.security.web.session.SessionManagementFilter@4ba1f425, org.springframework.security.web.access.ExceptionTranslationFilter@2c2edbe7, org.springframework.security.web.access.intercept.AuthorizationFilter@7d2be319]
2023-03-09 15:21:11.939  WARN 55848 --- [main] JpaBaseConfiguration$JpaWebConfiguration : spring.jpa.open-in-view is enabled by default. Therefore, database queries may be performed during view rendering. Explicitly configure spring.jpa.open-in-view to disable this warning
2023-03-09 15:21:12.324  INFO 55848 --- [main] o.s.b.a.w.s.WelcomePageHandlerMapping    : Adding welcome page template: index
2023-03-09 15:21:12.823  INFO 55848 --- [main] c.p.s.repository.UserRepositoryTest      : Started UserRepositoryTest in 5.168 seconds (JVM running for 6.226)
2023-03-09 15:21:13.270  INFO 55848 --- [SpringApplicationShutdownHook] j.LocalContainerEntityManagerFactoryBean : Closing JPA EntityManagerFactory for persistence unit 'default'
2023-03-09 15:21:13.272  INFO 55848 --- [SpringApplicationShutdownHook] com.zaxxer.hikari.HikariDataSource       : HikariPool-1 - Shutdown initiated...
2023-03-09 15:21:13.281  INFO 55848 --- [SpringApplicationShutdownHook] com.zaxxer.hikari.HikariDataSource       : HikariPool-1 - Shutdown completed.
2023-03-09 16:31:28.127  INFO 30444 --- [main] c.p.s.repository.UserRepositoryTest      : Starting UserRepositoryTest using Java 19.0.1 on Lavanya_Laptop with PID 30444 (started by lavan in C:\Users\lavan\security\security)
2023-03-09 16:31:28.129  INFO 30444 --- [main] c.p.s.repository.UserRepositoryTest      : No active profile set, falling back to 1 default profile: "default"
2023-03-09 16:31:29.807  INFO 30444 --- [main] .s.d.r.c.RepositoryConfigurationDelegate : Bootstrapping Spring Data JPA repositories in DEFAULT mode.
2023-03-09 16:31:30.018  INFO 30444 --- [main] .s.d.r.c.RepositoryConfigurationDelegate : Finished Spring Data repository scanning in 169 ms. Found 1 JPA repository interfaces.
2023-03-09 16:31:31.928  INFO 30444 --- [main] o.hibernate.jpa.internal.util.LogHelper  : HHH000204: Processing PersistenceUnitInfo [name: default]
2023-03-09 16:31:32.039  INFO 30444 --- [main] org.hibernate.Version                    : HHH000412: Hibernate ORM core version 5.6.15.Final
2023-03-09 16:31:32.379  INFO 30444 --- [main] o.hibernate.annotations.common.Version   : HCANN000001: Hibernate Commons Annotations {5.1.2.Final}
2023-03-09 16:31:32.659  INFO 30444 --- [main] com.zaxxer.hikari.HikariDataSource       : HikariPool-1 - Starting...
2023-03-09 16:31:33.407  INFO 30444 --- [main] com.zaxxer.hikari.HikariDataSource       : HikariPool-1 - Start completed.
2023-03-09 16:31:33.455  INFO 30444 --- [main] org.hibernate.dialect.Dialect            : HHH000400: Using dialect: org.hibernate.dialect.MySQL55Dialect
2023-03-09 16:31:35.227  INFO 30444 --- [main] o.h.e.t.j.p.i.JtaPlatformInitiator       : HHH000490: Using JtaPlatform implementation: [org.hibernate.engine.transaction.jta.platform.internal.NoJtaPlatform]
2023-03-09 16:31:35.249  INFO 30444 --- [main] j.LocalContainerEntityManagerFactoryBean : Initialized JPA EntityManagerFactory for persistence unit 'default'
2023-03-09 16:31:37.254  INFO 30444 --- [main] o.s.s.web.DefaultSecurityFilterChain     : Will secure Ant [pattern='/admin/**'] with [org.springframework.security.web.session.DisableEncodeUrlFilter@29fc83c5, org.springframework.security.web.context.request.async.WebAsyncManagerIntegrationFilter@3fb1948c, org.springframework.security.web.context.SecurityContextPersistenceFilter@29eaf100, org.springframework.security.web.header.HeaderWriterFilter@478fe415, org.springframework.security.web.csrf.CsrfFilter@70ad0854, org.springframework.security.web.authentication.logout.LogoutFilter@36857d32, org.springframework.security.web.authentication.UsernamePasswordAuthenticationFilter@3794b7b1, org.springframework.security.web.savedrequest.RequestCacheAwareFilter@a6204e4, org.springframework.security.web.servletapi.SecurityContextHolderAwareRequestFilter@6f25ed2b, org.springframework.security.web.authentication.AnonymousAuthenticationFilter@7c39193f, org.springframework.security.web.session.SessionManagementFilter@68f75a35, org.springframework.security.web.access.ExceptionTranslationFilter@47c356e, org.springframework.security.web.access.intercept.AuthorizationFilter@64fba3e6]
2023-03-09 16:31:37.289  INFO 30444 --- [main] o.s.s.web.DefaultSecurityFilterChain     : Will secure Ant [pattern='/user/**'] with [org.springframework.security.web.session.DisableEncodeUrlFilter@46290193, org.springframework.security.web.context.request.async.WebAsyncManagerIntegrationFilter@6ad7a305, org.springframework.security.web.context.SecurityContextPersistenceFilter@11577ab8, org.springframework.security.web.header.HeaderWriterFilter@29d563bd, org.springframework.security.web.csrf.CsrfFilter@7f53a31f, org.springframework.security.web.authentication.logout.LogoutFilter@7d2be319, org.springframework.security.web.authentication.UsernamePasswordAuthenticationFilter@64381526, org.springframework.security.web.savedrequest.RequestCacheAwareFilter@5513a46b, org.springframework.security.web.servletapi.SecurityContextHolderAwareRequestFilter@5759edff, org.springframework.security.web.authentication.AnonymousAuthenticationFilter@2fc435e9, org.springframework.security.web.session.SessionManagementFilter@73fe7483, org.springframework.security.web.access.ExceptionTranslationFilter@4ba1f425, org.springframework.security.web.access.intercept.AuthorizationFilter@2dfd157b]
2023-03-09 16:31:37.895  WARN 30444 --- [main] JpaBaseConfiguration$JpaWebConfiguration : spring.jpa.open-in-view is enabled by default. Therefore, database queries may be performed during view rendering. Explicitly configure spring.jpa.open-in-view to disable this warning
2023-03-09 16:31:38.784  INFO 30444 --- [main] o.s.b.a.w.s.WelcomePageHandlerMapping    : Adding welcome page template: index
2023-03-09 16:31:39.919  INFO 30444 --- [main] c.p.s.repository.UserRepositoryTest      : Started UserRepositoryTest in 12.354 seconds (JVM running for 13.362)
2023-03-09 16:31:40.990  WARN 30444 --- [main] o.h.engine.jdbc.spi.SqlExceptionHelper   : SQL Error: 1062, SQLState: 23000
2023-03-09 16:31:40.992 ERROR 30444 --- [main] o.h.engine.jdbc.spi.SqlExceptionHelper   : Duplicate entry 'suresh@gmail.com' for key 'user.UK_ob8kqyqqgmefl0aco34akdtpe'
2023-03-09 16:31:41.089  INFO 30444 --- [SpringApplicationShutdownHook] j.LocalContainerEntityManagerFactoryBean : Closing JPA EntityManagerFactory for persistence unit 'default'
2023-03-09 16:31:41.098  INFO 30444 --- [SpringApplicationShutdownHook] com.zaxxer.hikari.HikariDataSource       : HikariPool-1 - Shutdown initiated...
2023-03-09 16:31:41.123  INFO 30444 --- [SpringApplicationShutdownHook] com.zaxxer.hikari.HikariDataSource       : HikariPool-1 - Shutdown completed.
